# JRE version: Java(TM) SE Runtime Environment (8.0_291-b10) (build 1.8.0_291-b10)
# Java VM: Java HotSpot(TM) 64-Bit Server VM (25.291-b10 mixed mode bsd-amd64 compressed oops)
Heap:
 PSYoungGen      total 314880K, used 137235K [0x0000000795580000, 0x00000007a9680000, 0x00000007c0000000)
  eden space 302080K, 45% used [0x0000000795580000,0x000000079db84e20,0x00000007a7c80000)
  from space 12800K, 0% used [0x00000007a8a00000,0x00000007a8a00000,0x00000007a9680000)
  to   space 13312K, 0% used [0x00000007a7c80000,0x00000007a7c80000,0x00000007a8980000)
 ParOldGen       total 75776K, used 17698K [0x0000000740000000, 0x0000000744a00000, 0x0000000795580000)
  object space 75776K, 23% used [0x0000000740000000,0x0000000741148940,0x0000000744a00000)
 Metaspace       used 55555K, capacity 59084K, committed 59352K, reserved 1099776K
  class space    used 7725K, capacity 8370K, committed 8448K, reserved 1048576K
GC Heap History (10 events):
Event: 177.344 GC heap before
{Heap before GC invocations=16 (full 4):
 PSYoungGen      total 315904K, used 3589K [0x0000000795580000, 0x00000007a9780000, 0x00000007c0000000)
  eden space 302080K, 0% used [0x0000000795580000,0x0000000795580000,0x00000007a7c80000)
  from space 13824K, 25% used [0x00000007a8a00000,0x00000007a8d81790,0x00000007a9780000)
  to   space 13824K, 0% used [0x00000007a7c80000,0x00000007a7c80000,0x00000007a8a00000)
 ParOldGen       total 75776K, used 22294K [0x0000000740000000, 0x0000000744a00000, 0x0000000795580000)
  object space 75776K, 29% used [0x0000000740000000,0x00000007415c58f0,0x0000000744a00000)
 Metaspace       used 54886K, capacity 58040K, committed 58200K, reserved 1099776K
  class space    used 7653K, capacity 8213K, committed 8320K, reserved 1048576K
Event: 177.489 GC heap after
Heap after GC invocations=16 (full 4):
 PSYoungGen      total 315904K, used 0K [0x0000000795580000, 0x00000007a9780000, 0x00000007c0000000)
  eden space 302080K, 0% used [0x0000000795580000,0x0000000795580000,0x00000007a7c80000)
  from space 13824K, 0% used [0x00000007a8a00000,0x00000007a8a00000,0x00000007a9780000)
  to   space 13824K, 0% used [0x00000007a7c80000,0x00000007a7c80000,0x00000007a8a00000)
 ParOldGen       total 75776K, used 17278K [0x0000000740000000, 0x0000000744a00000, 0x0000000795580000)
  object space 75776K, 22% used [0x0000000740000000,0x00000007410df828,0x0000000744a00000)
 Metaspace       used 54883K, capacity 58034K, committed 58200K, reserved 1099776K
  class space    used 7653K, capacity 8211K, committed 8320K, reserved 1048576K
}
Event: 196.881 GC heap before
{Heap before GC invocations=17 (full 4):
 PSYoungGen      total 315904K, used 146742K [0x0000000795580000, 0x00000007a9780000, 0x00000007c0000000)
  eden space 302080K, 48% used [0x0000000795580000,0x000000079e4cd930,0x00000007a7c80000)
  from space 13824K, 0% used [0x00000007a8a00000,0x00000007a8a00000,0x00000007a9780000)
  to   space 13824K, 0% used [0x00000007a7c80000,0x00000007a7c80000,0x00000007a8a00000)
 ParOldGen       total 75776K, used 17278K [0x0000000740000000, 0x0000000744a00000, 0x0000000795580000)
  object space 75776K, 22% used [0x0000000740000000,0x00000007410df828,0x0000000744a00000)
 Metaspace       used 55090K, capacity 58294K, committed 58456K, reserved 1099776K
  class space    used 7675K, capacity 8264K, committed 8320K, reserved 1048576K
Event: 196.886 GC heap after
Heap after GC invocations=17 (full 4):
 PSYoungGen      total 315904K, used 3538K [0x0000000795580000, 0x00000007a9780000, 0x00000007c0000000)
  eden space 302080K, 0% used [0x0000000795580000,0x0000000795580000,0x00000007a7c80000)
  from space 13824K, 25% used [0x00000007a7c80000,0x00000007a7ff48a0,0x00000007a8a00000)
  to   space 13824K, 0% used [0x00000007a8a00000,0x00000007a8a00000,0x00000007a9780000)
 ParOldGen       total 75776K, used 17286K [0x0000000740000000, 0x0000000744a00000, 0x0000000795580000)
  object space 75776K, 22% used [0x0000000740000000,0x00000007410e1828,0x0000000744a00000)
 Metaspace       used 55090K, capacity 58294K, committed 58456K, reserved 1099776K
  class space    used 7675K, capacity 8264K, committed 8320K, reserved 1048576K
}
Event: 196.886 GC heap before
{Heap before GC invocations=18 (full 5):
 PSYoungGen      total 315904K, used 3538K [0x0000000795580000, 0x00000007a9780000, 0x00000007c0000000)
  eden space 302080K, 0% used [0x0000000795580000,0x0000000795580000,0x00000007a7c80000)
  from space 13824K, 25% used [0x00000007a7c80000,0x00000007a7ff48a0,0x00000007a8a00000)
  to   space 13824K, 0% used [0x00000007a8a00000,0x00000007a8a00000,0x00000007a9780000)
 ParOldGen       total 75776K, used 17286K [0x0000000740000000, 0x0000000744a00000, 0x0000000795580000)
  object space 75776K, 22% used [0x0000000740000000,0x00000007410e1828,0x0000000744a00000)
 Metaspace       used 55090K, capacity 58294K, committed 58456K, reserved 1099776K
  class space    used 7675K, capacity 8264K, committed 8320K, reserved 1048576K
Event: 197.138 GC heap after
Heap after GC invocations=18 (full 5):
 PSYoungGen      total 315904K, used 0K [0x0000000795580000, 0x00000007a9780000, 0x00000007c0000000)
  eden space 302080K, 0% used [0x0000000795580000,0x0000000795580000,0x00000007a7c80000)
  from space 13824K, 0% used [0x00000007a7c80000,0x00000007a7c80000,0x00000007a8a00000)
  to   space 13824K, 0% used [0x00000007a8a00000,0x00000007a8a00000,0x00000007a9780000)
 ParOldGen       total 75776K, used 17489K [0x0000000740000000, 0x0000000744a00000, 0x0000000795580000)
  object space 75776K, 23% used [0x0000000740000000,0x0000000741114640,0x0000000744a00000)
 Metaspace       used 55088K, capacity 58288K, committed 58456K, reserved 1099776K
  class space    used 7674K, capacity 8262K, committed 8320K, reserved 1048576K
}
Event: 1551.928 GC heap before
{Heap before GC invocations=19 (full 5):
 PSYoungGen      total 315904K, used 239228K [0x0000000795580000, 0x00000007a9780000, 0x00000007c0000000)
  eden space 302080K, 79% used [0x0000000795580000,0x00000007a3f1f050,0x00000007a7c80000)
  from space 13824K, 0% used [0x00000007a7c80000,0x00000007a7c80000,0x00000007a8a00000)
  to   space 13824K, 0% used [0x00000007a8a00000,0x00000007a8a00000,0x00000007a9780000)
 ParOldGen       total 75776K, used 17489K [0x0000000740000000, 0x0000000744a00000, 0x0000000795580000)
  object space 75776K, 23% used [0x0000000740000000,0x0000000741114640,0x0000000744a00000)
 Metaspace       used 55369K, capacity 58774K, committed 59096K, reserved 1099776K
  class space    used 7710K, capacity 8332K, committed 8448K, reserved 1048576K
Event: 1551.971 GC heap after
Heap after GC invocations=19 (full 5):
 PSYoungGen      total 314880K, used 3845K [0x0000000795580000, 0x00000007a9680000, 0x00000007c0000000)
  eden space 302080K, 0% used [0x0000000795580000,0x0000000795580000,0x00000007a7c80000)
  from space 12800K, 30% used [0x00000007a8a00000,0x00000007a8dc1790,0x00000007a9680000)
  to   space 13312K, 0% used [0x00000007a7c80000,0x00000007a7c80000,0x00000007a8980000)
 ParOldGen       total 75776K, used 17497K [0x0000000740000000, 0x0000000744a00000, 0x0000000795580000)
  object space 75776K, 23% used [0x0000000740000000,0x0000000741116640,0x0000000744a00000)
 Metaspace       used 55369K, capacity 58774K, committed 59096K, reserved 1099776K
  class space    used 7710K, capacity 8332K, committed 8448K, reserved 1048576K
}
Event: 1551.971 GC heap before
{Heap before GC invocations=20 (full 6):
 PSYoungGen      total 314880K, used 3845K [0x0000000795580000, 0x00000007a9680000, 0x00000007c0000000)
  eden space 302080K, 0% used [0x0000000795580000,0x0000000795580000,0x00000007a7c80000)
  from space 12800K, 30% used [0x00000007a8a00000,0x00000007a8dc1790,0x00000007a9680000)
  to   space 13312K, 0% used [0x00000007a7c80000,0x00000007a7c80000,0x00000007a8980000)
 ParOldGen       total 75776K, used 17497K [0x0000000740000000, 0x0000000744a00000, 0x0000000795580000)
  object space 75776K, 23% used [0x0000000740000000,0x0000000741116640,0x0000000744a00000)
 Metaspace       used 55369K, capacity 58774K, committed 59096K, reserved 1099776K
  class space    used 7710K, capacity 8332K, committed 8448K, reserved 1048576K
Event: 1552.180 GC heap after
Heap after GC invocations=20 (full 6):
 PSYoungGen      total 314880K, used 0K [0x0000000795580000, 0x00000007a9680000, 0x00000007c0000000)
  eden space 302080K, 0% used [0x0000000795580000,0x0000000795580000,0x00000007a7c80000)
  from space 12800K, 0% used [0x00000007a8a00000,0x00000007a8a00000,0x00000007a9680000)
  to   space 13312K, 0% used [0x00000007a7c80000,0x00000007a7c80000,0x00000007a8980000)
 ParOldGen       total 75776K, used 17698K [0x0000000740000000, 0x0000000744a00000, 0x0000000795580000)
  object space 75776K, 23% used [0x0000000740000000,0x0000000741148940,0x0000000744a00000)
 Metaspace       used 55367K, capacity 58768K, committed 59096K, reserved 1099776K
  class space    used 7709K, capacity 8330K, committed 8448K, reserved 1048576K
}

